<?xml version="1.0" encoding="UTF-8"?>
<!-- Generated by org.testng.reporters.JUnitXMLReporter -->
<testsuite ignored="0" hostname="DESKTOP-45P36GI" failures="3" tests="12" name="My Swag Labs Tests" time="41.983" errors="0" timestamp="2022-01-21T00:07:42 EST">
  <testcase classname="com.qa.swaglabs.tests.LoginPageTest" name="verifyLoginPageTitleTest" time="0.162"/>
  <testcase classname="com.qa.swaglabs.tests.LoginPageTest" name="verifyLoginPageHeaderLogoTest" time="0.069"/>
  <testcase classname="com.qa.swaglabs.tests.LoginPageTest" name="verifyLoginPageBotLogoTest" time="0.072"/>
  <testcase classname="com.qa.swaglabs.tests.LoginPageTest" name="invalidLoginTest" time="0.457"/>
  <testcase classname="com.qa.swaglabs.tests.LoginPageTest" name="invalidLoginTest" time="0.414"/>
  <testcase classname="com.qa.swaglabs.tests.LoginPageTest" name="invalidLoginTest" time="0.393"/>
  <testcase classname="com.qa.swaglabs.tests.LoginPageTest" name="invalidLoginTest" time="0.394"/>
  <testcase classname="com.qa.swaglabs.tests.LoginPageTest" name="invalidLoginTest" time="0.374"/>
  <testcase classname="com.qa.swaglabs.tests.LoginPageTest" name="allAcceptedUserTest" time="0.396"/>
  <testcase classname="com.qa.swaglabs.tests.LoginPageTest" name="allAcceptedUserTest" time="0.409">
    <failure type="java.lang.AssertionError" message="expected [PRODUCT] but found [PRODUCTS]">
      <![CDATA[java.lang.AssertionError: expected [PRODUCT] but found [PRODUCTS]
at com.qa.swaglabs.tests.LoginPageTest.allAcceptedUserTest(LoginPageTest.java:132)
at java.base/java.util.ArrayList.forEach(ArrayList.java:1541)
... Removed 33 stack frames]]>
    </failure>
  </testcase> <!-- allAcceptedUserTest -->
  <testcase classname="com.qa.swaglabs.tests.LoginPageTest" name="allAcceptedUserTest" time="5.572">
    <failure type="java.lang.AssertionError" message="expected [PRODUCT] but found [PRODUCTS]">
      <![CDATA[java.lang.AssertionError: expected [PRODUCT] but found [PRODUCTS]
at com.qa.swaglabs.tests.LoginPageTest.allAcceptedUserTest(LoginPageTest.java:127)
at java.base/java.util.ArrayList.forEach(ArrayList.java:1541)
... Removed 33 stack frames]]>
    </failure>
  </testcase> <!-- allAcceptedUserTest -->
  <testcase classname="com.qa.swaglabs.tests.LoginPageTest" name="loginTest" time="0.572">
    <failure type="java.lang.AssertionError" message="expected [PRODUCT] but found [PRODUCTS]">
      <![CDATA[java.lang.AssertionError: expected [PRODUCT] but found [PRODUCTS]
at com.qa.swaglabs.tests.LoginPageTest.loginTest(LoginPageTest.java:87)
at java.base/java.util.ArrayList.forEach(ArrayList.java:1541)
... Removed 33 stack frames]]>
    </failure>
  </testcase> <!-- loginTest -->
</testsuite> <!-- My Swag Labs Tests -->
