<?xml version="1.0" encoding="UTF-8"?>
<!-- Generated by org.testng.reporters.JUnitXMLReporter -->
<testsuite ignored="1" hostname="DESKTOP-45P36GI" failures="0" tests="3" name="Default test" time="5.552" errors="0" timestamp="2022-01-16T18:06:17 EST">
  <testcase classname="com.qa.swaglabs.tests.CheckoutStepOnePageTest" name="enterCheckoutInformation" time="0.356"/>
  <testcase classname="com.qa.swaglabs.tests.CheckoutStepOnePageTest" name="enterCheckoutInformation" time="0.291"/>
  <testcase classname="com.qa.swaglabs.tests.CheckoutStepOnePageTest" name="enterCheckoutInformation" time="0.283"/>
  <testcase classname="com.qa.swaglabs.tests.CheckoutStepOnePageTest" name="verifyCheckoutStepOneHeader" time="0.0">
    <ignored/>
  </testcase> <!-- verifyCheckoutStepOneHeader -->
</testsuite> <!-- Default test -->
