<?xml version="1.0" encoding="UTF-8"?>
<!-- Generated by org.testng.reporters.JUnitXMLReporter -->
<testsuite ignored="0" hostname="DESKTOP-45P36GI" failures="0" tests="4" name="Default test" time="3.934" errors="0" timestamp="2022-01-13T21:35:38 EST">
  <testcase classname="com.qa.swaglabs.tests.LoginPageTest" name="verifyLoginPageTitleTest" time="0.015"/>
  <testcase classname="com.qa.swaglabs.tests.LoginPageTest" name="verifyLoginPageHeaderLogoTest" time="0.062"/>
  <testcase classname="com.qa.swaglabs.tests.LoginPageTest" name="verifyLoginPageBotLogoTest" time="0.063"/>
  <testcase classname="com.qa.swaglabs.tests.LoginPageTest" name="loginTest" time="0.65"/>
</testsuite> <!-- Default test -->
