<?xml version="1.0" encoding="UTF-8"?>
<!-- Generated by org.testng.reporters.JUnitXMLReporter -->
<testsuite ignored="0" hostname="DESKTOP-45P36GI" failures="0" tests="19" name="Command line test" time="55.718" errors="0" timestamp="2022-01-15T21:10:07 EST">
  <testcase classname="com.qa.swaglabs.tests.CartPageTest" name="verifyCartPageHeader" time="0.977"/>
  <testcase classname="com.qa.swaglabs.tests.CartPageTest" name="verifyCartPageTitle" time="0.004"/>
  <testcase classname="com.qa.swaglabs.tests.CartPageTest" name="verifyCheckoutButtonIsDisplayed" time="1.006"/>
  <testcase classname="com.qa.swaglabs.tests.InventoryPageTest" name="verifyInventoryPageHeaderLogoTest" time="1.017"/>
  <testcase classname="com.qa.swaglabs.tests.InventoryPageTest" name="verifyInventoryPageTitleTest" time="0.988"/>
  <testcase classname="com.qa.swaglabs.tests.InventoryPageTest" name="verifyShoppingCartContainerTest" time="0.988"/>
  <testcase classname="com.qa.swaglabs.tests.InventoryPageTest" name="verifyAddProductToCart" time="1.972"/>
  <testcase classname="com.qa.swaglabs.tests.LoginPageTest" name="verifyLoginPageTitleTest" time="0.005"/>
  <testcase classname="com.qa.swaglabs.tests.LoginPageTest" name="verifyLoginPageHeaderLogoTest" time="0.994"/>
  <testcase classname="com.qa.swaglabs.tests.LoginPageTest" name="verifyLoginPageBotLogoTest" time="0.985"/>
  <testcase classname="com.qa.swaglabs.tests.LoginPageTest" name="invalidLoginTest" time="4.113"/>
  <testcase classname="com.qa.swaglabs.tests.LoginPageTest" name="invalidLoginTest" time="4.01"/>
  <testcase classname="com.qa.swaglabs.tests.LoginPageTest" name="invalidLoginTest" time="3.976"/>
  <testcase classname="com.qa.swaglabs.tests.LoginPageTest" name="invalidLoginTest" time="3.991"/>
  <testcase classname="com.qa.swaglabs.tests.LoginPageTest" name="invalidLoginTest" time="3.973"/>
  <testcase classname="com.qa.swaglabs.tests.LoginPageTest" name="allAcceptedUserTest" time="4.018"/>
  <testcase classname="com.qa.swaglabs.tests.LoginPageTest" name="allAcceptedUserTest" time="4.071"/>
  <testcase classname="com.qa.swaglabs.tests.LoginPageTest" name="allAcceptedUserTest" time="1.029"/>
  <testcase classname="com.qa.swaglabs.tests.LoginPageTest" name="loginTest" time="1.012"/>
</testsuite> <!-- Command line test -->
