<?xml version="1.0" encoding="UTF-8" ?>
<testsuite tests="19" failures="0" name="TestSuite" time="39.134" errors="0" skipped="0">
  <properties>
[...]
</properties>
  <testcase classname="com.qa.swaglabs.tests.CartPageTest" name="verifyCartPageHeader" time="0.978"/>
  <testcase classname="com.qa.swaglabs.tests.CartPageTest" name="verifyCartPageTitle" time="0.005"/>
  <testcase classname="com.qa.swaglabs.tests.CartPageTest" name="verifyCheckoutButtonIsDisplayed" time="1.006"/>
  <testcase classname="com.qa.swaglabs.tests.InventoryPageTest" name="verifyInventoryPageHeaderLogoTest" time="1.017"/>
  <testcase classname="com.qa.swaglabs.tests.InventoryPageTest" name="verifyInventoryPageTitleTest" time="0.989"/>
  <testcase classname="com.qa.swaglabs.tests.InventoryPageTest" name="verifyShoppingCartContainerTest" time="0.988"/>
  <testcase classname="com.qa.swaglabs.tests.InventoryPageTest" name="verifyAddProductToCart" time="1.972"/>
  <testcase classname="com.qa.swaglabs.tests.LoginPageTest" name="verifyLoginPageTitleTest" time="0.004"/>
  <testcase classname="com.qa.swaglabs.tests.LoginPageTest" name="verifyLoginPageHeaderLogoTest" time="0.994"/>
  <testcase classname="com.qa.swaglabs.tests.LoginPageTest" name="verifyLoginPageBotLogoTest" time="0.985"/>
  <testcase classname="com.qa.swaglabs.tests.LoginPageTest" name="invalidLoginTest" time="4.114"/>
  <testcase classname="com.qa.swaglabs.tests.LoginPageTest" name="invalidLoginTest" time="4.01"/>
  <testcase classname="com.qa.swaglabs.tests.LoginPageTest" name="invalidLoginTest" time="3.976"/>
  <testcase classname="com.qa.swaglabs.tests.LoginPageTest" name="invalidLoginTest" time="3.991"/>
  <testcase classname="com.qa.swaglabs.tests.LoginPageTest" name="invalidLoginTest" time="3.973"/>
  <testcase classname="com.qa.swaglabs.tests.LoginPageTest" name="allAcceptedUserTest" time="4.018"/>
  <testcase classname="com.qa.swaglabs.tests.LoginPageTest" name="allAcceptedUserTest" time="4.072"/>
  <testcase classname="com.qa.swaglabs.tests.LoginPageTest" name="allAcceptedUserTest" time="1.029"/>
  <testcase classname="com.qa.swaglabs.tests.LoginPageTest" name="loginTest" time="1.013"/>
</testsuite>