<?xml version="1.0" encoding="UTF-8"?>
<testng-results ignored="0" total="19" passed="19" failed="0" skipped="0">
  <reporter-output>
  </reporter-output>
  <suite started-at="2022-01-15T21:09:11 EST" name="Command line suite" finished-at="2022-01-15T21:10:07 EST" duration-ms="55718">
    <groups>
    </groups>
    <test started-at="2022-01-15T21:09:11 EST" name="Command line test" finished-at="2022-01-15T21:10:07 EST" duration-ms="55718">
      <class name="com.qa.swaglabs.tests.InventoryPageTest">
        <test-method is-config="true" signature="setup()[pri:0, instance:com.qa.swaglabs.tests.InventoryPageTest@3c19aaa5]" started-at="2022-01-15T21:09:19 EST" name="setup" finished-at="2022-01-15T21:09:24 EST" duration-ms="5060" status="PASS">
          <reporter-output>
          </reporter-output>
        </test-method> <!-- setup -->
        <test-method signature="verifyInventoryPageHeaderLogoTest()[pri:1, instance:com.qa.swaglabs.tests.InventoryPageTest@3c19aaa5]" started-at="2022-01-15T21:09:28 EST" name="verifyInventoryPageHeaderLogoTest" finished-at="2022-01-15T21:09:29 EST" duration-ms="1017" status="PASS">
          <reporter-output>
          </reporter-output>
        </test-method> <!-- verifyInventoryPageHeaderLogoTest -->
        <test-method signature="verifyInventoryPageTitleTest()[pri:2, instance:com.qa.swaglabs.tests.InventoryPageTest@3c19aaa5]" started-at="2022-01-15T21:09:29 EST" name="verifyInventoryPageTitleTest" finished-at="2022-01-15T21:09:30 EST" duration-ms="988" status="PASS">
          <reporter-output>
          </reporter-output>
        </test-method> <!-- verifyInventoryPageTitleTest -->
        <test-method signature="verifyShoppingCartContainerTest()[pri:3, instance:com.qa.swaglabs.tests.InventoryPageTest@3c19aaa5]" started-at="2022-01-15T21:09:30 EST" name="verifyShoppingCartContainerTest" finished-at="2022-01-15T21:09:31 EST" duration-ms="988" status="PASS">
          <reporter-output>
          </reporter-output>
        </test-method> <!-- verifyShoppingCartContainerTest -->
        <test-method signature="verifyAddProductToCart()[pri:4, instance:com.qa.swaglabs.tests.InventoryPageTest@3c19aaa5]" started-at="2022-01-15T21:09:31 EST" name="verifyAddProductToCart" finished-at="2022-01-15T21:09:33 EST" duration-ms="1972" status="PASS">
          <reporter-output>
          </reporter-output>
        </test-method> <!-- verifyAddProductToCart -->
        <test-method is-config="true" signature="closeBrowser()[pri:0, instance:com.qa.swaglabs.tests.InventoryPageTest@3c19aaa5]" started-at="2022-01-15T21:10:05 EST" name="closeBrowser" finished-at="2022-01-15T21:10:06 EST" duration-ms="645" status="PASS">
          <reporter-output>
          </reporter-output>
        </test-method> <!-- closeBrowser -->
      </class> <!-- com.qa.swaglabs.tests.InventoryPageTest -->
      <class name="com.qa.swaglabs.tests.LoginPageTest">
        <test-method is-config="true" signature="setup()[pri:0, instance:com.qa.swaglabs.tests.LoginPageTest@38d8f54a]" started-at="2022-01-15T21:09:24 EST" name="setup" finished-at="2022-01-15T21:09:26 EST" duration-ms="1612" status="PASS">
          <reporter-output>
          </reporter-output>
        </test-method> <!-- setup -->
        <test-method signature="verifyLoginPageTitleTest()[pri:1, instance:com.qa.swaglabs.tests.LoginPageTest@38d8f54a]" started-at="2022-01-15T21:09:33 EST" name="verifyLoginPageTitleTest" finished-at="2022-01-15T21:09:33 EST" duration-ms="5" status="PASS">
          <reporter-output>
          </reporter-output>
        </test-method> <!-- verifyLoginPageTitleTest -->
        <test-method signature="verifyLoginPageHeaderLogoTest()[pri:2, instance:com.qa.swaglabs.tests.LoginPageTest@38d8f54a]" started-at="2022-01-15T21:09:33 EST" name="verifyLoginPageHeaderLogoTest" finished-at="2022-01-15T21:09:34 EST" duration-ms="994" status="PASS">
          <reporter-output>
          </reporter-output>
        </test-method> <!-- verifyLoginPageHeaderLogoTest -->
        <test-method signature="verifyLoginPageBotLogoTest()[pri:3, instance:com.qa.swaglabs.tests.LoginPageTest@38d8f54a]" started-at="2022-01-15T21:09:34 EST" name="verifyLoginPageBotLogoTest" finished-at="2022-01-15T21:09:34 EST" duration-ms="985" status="PASS">
          <reporter-output>
          </reporter-output>
        </test-method> <!-- verifyLoginPageBotLogoTest -->
        <test-method signature="invalidLoginTest(java.lang.String,java.lang.String)[pri:4, instance:com.qa.swaglabs.tests.LoginPageTest@38d8f54a]" started-at="2022-01-15T21:09:34 EST" name="invalidLoginTest" data-provider="getInvalidLoginData" finished-at="2022-01-15T21:09:39 EST" duration-ms="4113" status="PASS">
          <params>
            <param index="0">
              <value>
                <![CDATA[test@gmail.com]]>
              </value>
            </param>
            <param index="1">
              <value>
                <![CDATA[test11]]>
              </value>
            </param>
          </params>
          <reporter-output>
          </reporter-output>
        </test-method> <!-- invalidLoginTest -->
        <test-method signature="invalidLoginTest(java.lang.String,java.lang.String)[pri:4, instance:com.qa.swaglabs.tests.LoginPageTest@38d8f54a]" started-at="2022-01-15T21:09:39 EST" name="invalidLoginTest" data-provider="getInvalidLoginData" finished-at="2022-01-15T21:09:43 EST" duration-ms="4010" status="PASS">
          <params>
            <param index="0">
              <value>
                <![CDATA[test@gmail.com]]>
              </value>
            </param>
            <param index="1">
              <value>
                <![CDATA[]]>
              </value>
            </param>
          </params>
          <reporter-output>
          </reporter-output>
        </test-method> <!-- invalidLoginTest -->
        <test-method signature="invalidLoginTest(java.lang.String,java.lang.String)[pri:4, instance:com.qa.swaglabs.tests.LoginPageTest@38d8f54a]" started-at="2022-01-15T21:09:43 EST" name="invalidLoginTest" data-provider="getInvalidLoginData" finished-at="2022-01-15T21:09:47 EST" duration-ms="3976" status="PASS">
          <params>
            <param index="0">
              <value>
                <![CDATA[]]>
              </value>
            </param>
            <param index="1">
              <value>
                <![CDATA[test]]>
              </value>
            </param>
          </params>
          <reporter-output>
          </reporter-output>
        </test-method> <!-- invalidLoginTest -->
        <test-method signature="invalidLoginTest(java.lang.String,java.lang.String)[pri:4, instance:com.qa.swaglabs.tests.LoginPageTest@38d8f54a]" started-at="2022-01-15T21:09:47 EST" name="invalidLoginTest" data-provider="getInvalidLoginData" finished-at="2022-01-15T21:09:51 EST" duration-ms="3991" status="PASS">
          <params>
            <param index="0">
              <value>
                <![CDATA[test]]>
              </value>
            </param>
            <param index="1">
              <value>
                <![CDATA[test]]>
              </value>
            </param>
          </params>
          <reporter-output>
          </reporter-output>
        </test-method> <!-- invalidLoginTest -->
        <test-method signature="invalidLoginTest(java.lang.String,java.lang.String)[pri:4, instance:com.qa.swaglabs.tests.LoginPageTest@38d8f54a]" started-at="2022-01-15T21:09:51 EST" name="invalidLoginTest" data-provider="getInvalidLoginData" finished-at="2022-01-15T21:09:55 EST" duration-ms="3973" status="PASS">
          <params>
            <param index="0">
              <value>
                <![CDATA[ ]]>
              </value>
            </param>
            <param index="1">
              <value>
                <![CDATA[ ]]>
              </value>
            </param>
          </params>
          <reporter-output>
          </reporter-output>
        </test-method> <!-- invalidLoginTest -->
        <test-method signature="allAcceptedUserTest(java.lang.String,java.lang.String)[pri:5, instance:com.qa.swaglabs.tests.LoginPageTest@38d8f54a]" started-at="2022-01-15T21:09:55 EST" name="allAcceptedUserTest" data-provider="getAcceptedUsernames" finished-at="2022-01-15T21:09:59 EST" duration-ms="4018" status="PASS">
          <params>
            <param index="0">
              <value>
                <![CDATA[locked_out_user]]>
              </value>
            </param>
            <param index="1">
              <value>
                <![CDATA[secret_sauce]]>
              </value>
            </param>
          </params>
          <reporter-output>
          </reporter-output>
        </test-method> <!-- allAcceptedUserTest -->
        <test-method signature="allAcceptedUserTest(java.lang.String,java.lang.String)[pri:5, instance:com.qa.swaglabs.tests.LoginPageTest@38d8f54a]" started-at="2022-01-15T21:09:59 EST" name="allAcceptedUserTest" data-provider="getAcceptedUsernames" finished-at="2022-01-15T21:10:03 EST" duration-ms="4071" status="PASS">
          <params>
            <param index="0">
              <value>
                <![CDATA[problem_user]]>
              </value>
            </param>
            <param index="1">
              <value>
                <![CDATA[secret_sauce]]>
              </value>
            </param>
          </params>
          <reporter-output>
          </reporter-output>
        </test-method> <!-- allAcceptedUserTest -->
        <test-method signature="allAcceptedUserTest(java.lang.String,java.lang.String)[pri:5, instance:com.qa.swaglabs.tests.LoginPageTest@38d8f54a]" started-at="2022-01-15T21:10:03 EST" name="allAcceptedUserTest" data-provider="getAcceptedUsernames" finished-at="2022-01-15T21:10:04 EST" duration-ms="1029" status="PASS">
          <params>
            <param index="0">
              <value>
                <![CDATA[performance_glitch_user]]>
              </value>
            </param>
            <param index="1">
              <value>
                <![CDATA[secret_sauce]]>
              </value>
            </param>
          </params>
          <reporter-output>
          </reporter-output>
        </test-method> <!-- allAcceptedUserTest -->
        <test-method signature="loginTest()[pri:6, instance:com.qa.swaglabs.tests.LoginPageTest@38d8f54a]" started-at="2022-01-15T21:10:04 EST" name="loginTest" finished-at="2022-01-15T21:10:05 EST" duration-ms="1012" status="PASS">
          <reporter-output>
          </reporter-output>
        </test-method> <!-- loginTest -->
        <test-method is-config="true" signature="closeBrowser()[pri:0, instance:com.qa.swaglabs.tests.LoginPageTest@38d8f54a]" started-at="2022-01-15T21:10:06 EST" name="closeBrowser" finished-at="2022-01-15T21:10:07 EST" duration-ms="648" status="PASS">
          <reporter-output>
          </reporter-output>
        </test-method> <!-- closeBrowser -->
      </class> <!-- com.qa.swaglabs.tests.LoginPageTest -->
      <class name="com.qa.swaglabs.tests.CartPageTest">
        <test-method is-config="true" signature="setup()[pri:0, instance:com.qa.swaglabs.tests.CartPageTest@7d8995e]" started-at="2022-01-15T21:09:11 EST" name="setup" finished-at="2022-01-15T21:09:19 EST" duration-ms="7898" status="PASS">
          <reporter-output>
          </reporter-output>
        </test-method> <!-- setup -->
        <test-method signature="verifyCartPageHeader()[pri:0, instance:com.qa.swaglabs.tests.CartPageTest@7d8995e]" started-at="2022-01-15T21:09:26 EST" name="verifyCartPageHeader" finished-at="2022-01-15T21:09:27 EST" duration-ms="977" status="PASS">
          <reporter-output>
          </reporter-output>
        </test-method> <!-- verifyCartPageHeader -->
        <test-method signature="verifyCartPageTitle()[pri:0, instance:com.qa.swaglabs.tests.CartPageTest@7d8995e]" started-at="2022-01-15T21:09:27 EST" name="verifyCartPageTitle" finished-at="2022-01-15T21:09:27 EST" duration-ms="4" status="PASS">
          <reporter-output>
          </reporter-output>
        </test-method> <!-- verifyCartPageTitle -->
        <test-method signature="verifyCheckoutButtonIsDisplayed()[pri:0, instance:com.qa.swaglabs.tests.CartPageTest@7d8995e]" started-at="2022-01-15T21:09:27 EST" name="verifyCheckoutButtonIsDisplayed" finished-at="2022-01-15T21:09:28 EST" duration-ms="1006" status="PASS">
          <reporter-output>
          </reporter-output>
        </test-method> <!-- verifyCheckoutButtonIsDisplayed -->
        <test-method is-config="true" signature="closeBrowser()[pri:0, instance:com.qa.swaglabs.tests.CartPageTest@7d8995e]" started-at="2022-01-15T21:10:05 EST" name="closeBrowser" finished-at="2022-01-15T21:10:05 EST" duration-ms="662" status="PASS">
          <reporter-output>
          </reporter-output>
        </test-method> <!-- closeBrowser -->
      </class> <!-- com.qa.swaglabs.tests.CartPageTest -->
    </test> <!-- Command line test -->
  </suite> <!-- Command line suite -->
</testng-results>
