<?xml version="1.0" encoding="UTF-8"?>
<testng-results ignored="0" total="11" passed="11" failed="0" skipped="0">
  <reporter-output>
  </reporter-output>
  <suite started-at="2022-01-13T22:07:50 EST" name="My Test Suite" finished-at="2022-01-13T22:08:01 EST" duration-ms="10776">
    <groups>
    </groups>
    <test started-at="2022-01-13T22:07:50 EST" name="My Swag Labs Tests" finished-at="2022-01-13T22:08:01 EST" duration-ms="10776">
      <class name="com.qa.swaglabs.tests.InventoryPageTest">
        <test-method is-config="true" signature="setup()[pri:0, instance:com.qa.swaglabs.tests.InventoryPageTest@4d02f94e]" started-at="2022-01-13T22:07:54 EST" name="setup" finished-at="2022-01-13T22:07:56 EST" duration-ms="1978" status="PASS">
          <reporter-output>
          </reporter-output>
        </test-method> <!-- setup -->
        <test-method signature="verifyInventoryPageHeaderLogoTest()[pri:1, instance:com.qa.swaglabs.tests.InventoryPageTest@4d02f94e]" started-at="2022-01-13T22:07:59 EST" name="verifyInventoryPageHeaderLogoTest" finished-at="2022-01-13T22:07:59 EST" duration-ms="62" status="PASS">
          <reporter-output>
          </reporter-output>
        </test-method> <!-- verifyInventoryPageHeaderLogoTest -->
        <test-method signature="verifyInventoryPageTitleTest()[pri:2, instance:com.qa.swaglabs.tests.InventoryPageTest@4d02f94e]" started-at="2022-01-13T22:07:59 EST" name="verifyInventoryPageTitleTest" finished-at="2022-01-13T22:07:59 EST" duration-ms="36" status="PASS">
          <reporter-output>
          </reporter-output>
        </test-method> <!-- verifyInventoryPageTitleTest -->
        <test-method signature="verifyShoppingCartContainerTest()[pri:3, instance:com.qa.swaglabs.tests.InventoryPageTest@4d02f94e]" started-at="2022-01-13T22:07:59 EST" name="verifyShoppingCartContainerTest" finished-at="2022-01-13T22:07:59 EST" duration-ms="32" status="PASS">
          <reporter-output>
          </reporter-output>
        </test-method> <!-- verifyShoppingCartContainerTest -->
        <test-method signature="verifyAddProductToCart()[pri:4, instance:com.qa.swaglabs.tests.InventoryPageTest@4d02f94e]" started-at="2022-01-13T22:07:59 EST" name="verifyAddProductToCart" finished-at="2022-01-13T22:07:59 EST" duration-ms="120" status="PASS">
          <reporter-output>
          </reporter-output>
        </test-method> <!-- verifyAddProductToCart -->
        <test-method is-config="true" signature="closeBrowser()[pri:0, instance:com.qa.swaglabs.tests.InventoryPageTest@4d02f94e]" started-at="2022-01-13T22:08:00 EST" name="closeBrowser" finished-at="2022-01-13T22:08:00 EST" duration-ms="665" status="PASS">
          <reporter-output>
          </reporter-output>
        </test-method> <!-- closeBrowser -->
      </class> <!-- com.qa.swaglabs.tests.InventoryPageTest -->
      <class name="com.qa.swaglabs.tests.LoginPageTest">
        <test-method is-config="true" signature="setup()[pri:0, instance:com.qa.swaglabs.tests.LoginPageTest@4de4b452]" started-at="2022-01-13T22:07:56 EST" name="setup" finished-at="2022-01-13T22:07:58 EST" duration-ms="1746" status="PASS">
          <reporter-output>
          </reporter-output>
        </test-method> <!-- setup -->
        <test-method signature="verifyLoginPageTitleTest()[pri:1, instance:com.qa.swaglabs.tests.LoginPageTest@4de4b452]" started-at="2022-01-13T22:07:58 EST" name="verifyLoginPageTitleTest" finished-at="2022-01-13T22:07:58 EST" duration-ms="23" status="PASS">
          <reporter-output>
          </reporter-output>
        </test-method> <!-- verifyLoginPageTitleTest -->
        <test-method signature="verifyLoginPageHeaderLogoTest()[pri:2, instance:com.qa.swaglabs.tests.LoginPageTest@4de4b452]" started-at="2022-01-13T22:07:58 EST" name="verifyLoginPageHeaderLogoTest" finished-at="2022-01-13T22:07:58 EST" duration-ms="78" status="PASS">
          <reporter-output>
          </reporter-output>
        </test-method> <!-- verifyLoginPageHeaderLogoTest -->
        <test-method signature="verifyLoginPageBotLogoTest()[pri:3, instance:com.qa.swaglabs.tests.LoginPageTest@4de4b452]" started-at="2022-01-13T22:07:58 EST" name="verifyLoginPageBotLogoTest" finished-at="2022-01-13T22:07:58 EST" duration-ms="75" status="PASS">
          <reporter-output>
          </reporter-output>
        </test-method> <!-- verifyLoginPageBotLogoTest -->
        <test-method signature="loginTest()[pri:4, instance:com.qa.swaglabs.tests.LoginPageTest@4de4b452]" started-at="2022-01-13T22:07:58 EST" name="loginTest" finished-at="2022-01-13T22:07:59 EST" duration-ms="776" status="PASS">
          <reporter-output>
          </reporter-output>
        </test-method> <!-- loginTest -->
        <test-method is-config="true" signature="closeBrowser()[pri:0, instance:com.qa.swaglabs.tests.LoginPageTest@4de4b452]" started-at="2022-01-13T22:08:00 EST" name="closeBrowser" finished-at="2022-01-13T22:08:01 EST" duration-ms="664" status="PASS">
          <reporter-output>
          </reporter-output>
        </test-method> <!-- closeBrowser -->
      </class> <!-- com.qa.swaglabs.tests.LoginPageTest -->
      <class name="com.qa.swaglabs.tests.CartPageTest">
        <test-method is-config="true" signature="setup()[pri:0, instance:com.qa.swaglabs.tests.CartPageTest@2b48a640]" started-at="2022-01-13T22:07:50 EST" name="setup" finished-at="2022-01-13T22:07:54 EST" duration-ms="3667" status="PASS">
          <reporter-output>
          </reporter-output>
        </test-method> <!-- setup -->
        <test-method signature="verifyCartPageHeader()[pri:0, instance:com.qa.swaglabs.tests.CartPageTest@2b48a640]" started-at="2022-01-13T22:07:59 EST" name="verifyCartPageHeader" finished-at="2022-01-13T22:07:59 EST" duration-ms="46" status="PASS">
          <reporter-output>
          </reporter-output>
        </test-method> <!-- verifyCartPageHeader -->
        <test-method signature="verifyCartPageTitle()[pri:0, instance:com.qa.swaglabs.tests.CartPageTest@2b48a640]" started-at="2022-01-13T22:07:59 EST" name="verifyCartPageTitle" finished-at="2022-01-13T22:07:59 EST" duration-ms="7" status="PASS">
          <reporter-output>
          </reporter-output>
        </test-method> <!-- verifyCartPageTitle -->
        <test-method signature="verifyCheckoutButtonIsDisplayed()[pri:0, instance:com.qa.swaglabs.tests.CartPageTest@2b48a640]" started-at="2022-01-13T22:07:59 EST" name="verifyCheckoutButtonIsDisplayed" finished-at="2022-01-13T22:07:59 EST" duration-ms="41" status="PASS">
          <reporter-output>
          </reporter-output>
        </test-method> <!-- verifyCheckoutButtonIsDisplayed -->
        <test-method is-config="true" signature="closeBrowser()[pri:0, instance:com.qa.swaglabs.tests.CartPageTest@2b48a640]" started-at="2022-01-13T22:07:59 EST" name="closeBrowser" finished-at="2022-01-13T22:08:00 EST" duration-ms="678" status="PASS">
          <reporter-output>
          </reporter-output>
        </test-method> <!-- closeBrowser -->
      </class> <!-- com.qa.swaglabs.tests.CartPageTest -->
    </test> <!-- My Swag Labs Tests -->
  </suite> <!-- My Test Suite -->
</testng-results>
